<?xml version="1.0" encoding="UTF-8"?>
<!-- Generated by org.testng.reporters.JUnitXMLReporter -->
<testsuite ignored="0" hostname="DESKTOP-0FN7HP5" failures="0" tests="5" name="Default test" time="10.488" errors="0" timestamp="2023-09-01T02:31:32 IST">
  <testcase classname="com.uiassessment.Testcases.RegistrationPageTestcase" name="RegisterOnWebsite" time="5.756"/>
  <testcase classname="com.uiassessment.Testcases.RegistrationPageTestcase" name="validateLandingScreen" time="0.064"/>
  <testcase classname="com.uiassessment.Testcases.RegistrationPageTestcase" name="VerifyUserAddedtheItemtoCart" time="3.32"/>
  <testcase classname="com.uiassessment.Testcases.RegistrationPageTestcase" name="verifyUserincheckoutpage" time="1.215"/>
  <testcase classname="com.uiassessment.Testcases.RegistrationPageTestcase" name="verifyItemsintoCart" time="0.062"/>
</testsuite> <!-- Default test -->
