<?xml version="1.0" encoding="UTF-8"?>
<testng-results ignored="0" total="5" passed="5" failed="0" skipped="0">
  <reporter-output>
  </reporter-output>
  <suite started-at="2023-09-01T02:31:21 IST" name="Default suite" finished-at="2023-09-01T02:31:32 IST" duration-ms="10488">
    <groups>
    </groups>
    <test started-at="2023-09-01T02:31:21 IST" name="Default test" finished-at="2023-09-01T02:31:32 IST" duration-ms="10488">
      <class name="com.uiassessment.Testcases.RegistrationPageTestcase">
        <test-method is-config="true" signature="driverInitialization()[pri:0, instance:com.uiassessment.Testcases.RegistrationPageTestcase@4b2bac3f]" started-at="2023-09-01T02:31:15 IST" name="driverInitialization" finished-at="2023-09-01T02:31:21 IST" duration-ms="6414" status="PASS">
          <reporter-output>
          </reporter-output>
        </test-method> <!-- driverInitialization -->
        <test-method signature="RegisterOnWebsite()[pri:0, instance:com.uiassessment.Testcases.RegistrationPageTestcase@4b2bac3f]" started-at="2023-09-01T02:31:21 IST" name="RegisterOnWebsite" finished-at="2023-09-01T02:31:27 IST" duration-ms="5756" status="PASS">
          <reporter-output>
          </reporter-output>
        </test-method> <!-- RegisterOnWebsite -->
        <test-method signature="validateLandingScreen()[pri:1, instance:com.uiassessment.Testcases.RegistrationPageTestcase@4b2bac3f]" started-at="2023-09-01T02:31:27 IST" name="validateLandingScreen" finished-at="2023-09-01T02:31:27 IST" duration-ms="64" status="PASS">
          <reporter-output>
          </reporter-output>
        </test-method> <!-- validateLandingScreen -->
        <test-method signature="VerifyUserAddedtheItemtoCart()[pri:2, instance:com.uiassessment.Testcases.RegistrationPageTestcase@4b2bac3f]" started-at="2023-09-01T02:31:27 IST" name="VerifyUserAddedtheItemtoCart" finished-at="2023-09-01T02:31:30 IST" duration-ms="3320" status="PASS">
          <reporter-output>
          </reporter-output>
        </test-method> <!-- VerifyUserAddedtheItemtoCart -->
        <test-method signature="verifyUserincheckoutpage()[pri:3, instance:com.uiassessment.Testcases.RegistrationPageTestcase@4b2bac3f]" started-at="2023-09-01T02:31:30 IST" name="verifyUserincheckoutpage" finished-at="2023-09-01T02:31:32 IST" duration-ms="1215" status="PASS">
          <reporter-output>
          </reporter-output>
        </test-method> <!-- verifyUserincheckoutpage -->
        <test-method signature="verifyItemsintoCart()[pri:4, instance:com.uiassessment.Testcases.RegistrationPageTestcase@4b2bac3f]" started-at="2023-09-01T02:31:32 IST" name="verifyItemsintoCart" finished-at="2023-09-01T02:31:32 IST" duration-ms="62" status="PASS">
          <reporter-output>
          </reporter-output>
        </test-method> <!-- verifyItemsintoCart -->
        <test-method is-config="true" signature="closeallWebpages()[pri:0, instance:com.uiassessment.Testcases.RegistrationPageTestcase@4b2bac3f]" started-at="2023-09-01T02:31:32 IST" name="closeallWebpages" finished-at="2023-09-01T02:31:32 IST" duration-ms="0" status="PASS">
          <reporter-output>
          </reporter-output>
        </test-method> <!-- closeallWebpages -->
      </class> <!-- com.uiassessment.Testcases.RegistrationPageTestcase -->
    </test> <!-- Default test -->
  </suite> <!-- Default suite -->
</testng-results>
